<?xml version="1.0" encoding="UTF-8"?>
<testng-results skipped="0" failed="0" total="1" passed="1">
  <reporter-output>
  </reporter-output>
  <suite name="Suite" duration-ms="22076" started-at="2021-01-31T10:57:09Z" finished-at="2021-01-31T10:57:31Z">
    <groups>
    </groups>
    <test name="Test" duration-ms="22076" started-at="2021-01-31T10:57:09Z" finished-at="2021-01-31T10:57:31Z">
      <class name="com.flipkart.testscript.regression.search.RegFlipkartSearchTest">
        <test-method status="PASS" signature="initialization(org.testng.ITestContext)[pri:0, instance:com.flipkart.testscript.regression.search.RegFlipkartSearchTest@ea4a92b]" name="initialization" is-config="true" duration-ms="7691" started-at="2021-01-31T16:27:09Z" finished-at="2021-01-31T16:27:17Z">
          <params>
            <param index="0">
              <value>
                <![CDATA[org.testng.TestRunner@70ab2d48]]>
              </value>
            </param>
          </params>
          <reporter-output>
          </reporter-output>
        </test-method> <!-- initialization -->
        <test-method status="PASS" signature="setUp()[pri:0, instance:com.flipkart.testscript.regression.search.RegFlipkartSearchTest@ea4a92b]" name="setUp" is-config="true" duration-ms="4582" started-at="2021-01-31T16:27:17Z" finished-at="2021-01-31T16:27:22Z">
          <reporter-output>
          </reporter-output>
        </test-method> <!-- setUp -->
        <test-method status="PASS" signature="searchItem()[pri:1, instance:com.flipkart.testscript.regression.search.RegFlipkartSearchTest@ea4a92b]" name="searchItem" duration-ms="9778" started-at="2021-01-31T16:27:22Z" finished-at="2021-01-31T16:27:31Z">
          <reporter-output>
          </reporter-output>
        </test-method> <!-- searchItem -->
        <test-method status="PASS" signature="tearDown()[pri:0, instance:com.flipkart.testscript.regression.search.RegFlipkartSearchTest@ea4a92b]" name="tearDown" is-config="true" duration-ms="0" started-at="2021-01-31T16:27:31Z" finished-at="2021-01-31T16:27:31Z">
          <reporter-output>
          </reporter-output>
        </test-method> <!-- tearDown -->
      </class> <!-- com.flipkart.testscript.regression.search.RegFlipkartSearchTest -->
    </test> <!-- Test -->
  </suite> <!-- Suite -->
</testng-results>
